
running: look_for_makedepend()
 --> set MAKEDEPEND=makedepend

running: check_HAVE_CLOC()
 running: get_fortran_c_namemangling()
 mpicc -fPIC -c genmake_test.c
 mpif90 -fPIC -convert big_endian -assume byterecl -align -march=corei7 -axAVX -mcmodel=large -shared-intel -DNMLTERMINATOR -c genmake_tcomp.f
 --> set FC_NAMEMANGLE='#define FC_NAMEMANGLE(X)  X ## _'
mpicc -fPIC -c genmake_tc_1.c
mpif90 -fPIC -convert big_endian -assume byterecl -align -march=corei7 -axAVX -mcmodel=large -shared-intel -DNMLTERMINATOR -o genmake_tc genmake_tc_2.f genmake_tc_1.o
  HELLO WORLD   1553199215.69460     
 --> set HAVE_CLOC='t'

running: check_HAVE_SETRLSTK()
mpicc -fPIC -c genmake_tc_1.c
      program hello
      external setrlstk
      call setrlstk()
      end
mpif90 -fPIC -convert big_endian -assume byterecl -align -march=corei7 -axAVX -mcmodel=large -shared-intel -DNMLTERMINATOR -o genmake_tc genmake_tc_2.f genmake_tc_1.o
 --> set HAVE_SETRLSTK='t'

running: check_HAVE_SIGREG()
mpicc -fPIC -c genmake_tc_1.c
      program hello
      integer anint
      common /iv/ anint
      external sigreg
      call sigreg(anint)
      end
mpif90 -fPIC -convert big_endian -assume byterecl -align -march=corei7 -axAVX -mcmodel=large -shared-intel -DNMLTERMINATOR -o genmake_tc genmake_tc_2.f genmake_tc_1.o
 --> set HAVE_SIGREG='t'

running: check_HAVE_STAT()
mpicc -fPIC -c genmake_tc_1.c
      program hello
      integer nbyte
      call tfsize(nbyte)
      print *," HELLO WORLD", nbyte
      end
mpif90 -fPIC -convert big_endian -assume byterecl -align -march=corei7 -axAVX -mcmodel=large -shared-intel -DNMLTERMINATOR -o genmake_tc genmake_tc_2.f genmake_tc_1.o
 --> set HAVE_STAT='t'

running: check_netcdf_libs()
===  genmake_tnc.F  >>>
      program fgennc
#include "netcdf.inc"
#include "mpif.h"
      integer iret, ncid, xid
      iret = nf_create('genmake_tnc.nc', NF_CLOBBER, ncid)
      IF (iret .NE. NF_NOERR) write(*,*) NF_STRERROR(iret)
      iret = nf_def_dim(ncid, 'X', 11, xid)
      IF (iret .NE. NF_NOERR) write(*,*) NF_STRERROR(iret)
      iret = nf_close(ncid)
      IF (iret .NE. NF_NOERR) write(*,*) NF_STRERROR(iret)
      end
<<<  genmake_tnc.F  ===
cat genmake_tnc.F |  /lib/cpp  -traditional -P -DALLOW_USE_MPI -DALWAYS_USE_MPI -DWORDLENGTH=4 -DALLOW_USE_MPI -DALWAYS_USE_MPI -DHAVE_SYSTEM -DHAVE_FDATE -DHAVE_ETIME -DHAVE_CLOC -DHAVE_SETRLSTK -DHAVE_SIGREG -DHAVE_STAT -I/glade/u/apps/ch/opt/mpt/2.19/opt/hpe/hpc/mpt/mpt-2.19/include
  WARNING: CPP failed to pre-process the netcdf test.
    Please check that $INCLUDES is properly set.
mpif90  -fPIC -convert big_endian -assume byterecl -align -march=corei7 -axAVX -mcmodel=large -shared-intel -DNMLTERMINATOR -O2 -ip -fp-model precise -traceback -ftz -c genmake_tnc.f  \ 
  &&  mpif90  -fPIC -convert big_endian -assume byterecl -align -march=corei7 -axAVX -mcmodel=large -shared-intel -DNMLTERMINATOR -O2 -ip -fp-model precise -traceback -ftz -o genmake_tnc.o -L/glade/u/apps/ch/opt/mpt/2.19/opt/hpe/hpc/mpt/mpt-2.19/lib
genmake_tnc.f(14): error #5082: Syntax error, found END-OF-FILE when expecting one of: <LABEL> <END-OF-STATEMENT> ; TYPE INTEGER REAL COMPLEX BYTE CHARACTER CLASS DOUBLE ...
      program fgennc
--------------------^
compilation aborted for genmake_tnc.f (code 1)

==> try again with added '-lnetcdf'
cat genmake_tnc.F |  /lib/cpp  -traditional -P -DALLOW_USE_MPI -DALWAYS_USE_MPI -DWORDLENGTH=4 -DALLOW_USE_MPI -DALWAYS_USE_MPI -DHAVE_SYSTEM -DHAVE_FDATE -DHAVE_ETIME -DHAVE_CLOC -DHAVE_SETRLSTK -DHAVE_SIGREG -DHAVE_STAT -I/glade/u/apps/ch/opt/mpt/2.19/opt/hpe/hpc/mpt/mpt-2.19/include > genmake_tnc.f \ 
 &&  mpif90  -fPIC -convert big_endian -assume byterecl -align -march=corei7 -axAVX -mcmodel=large -shared-intel -DNMLTERMINATOR -O2 -ip -fp-model precise -traceback -ftz -c genmake_tnc.f \ 
 &&  mpif90  -fPIC -convert big_endian -assume byterecl -align -march=corei7 -axAVX -mcmodel=large -shared-intel -DNMLTERMINATOR -O2 -ip -fp-model precise -traceback -ftz -o genmake_tnc genmake_tnc.o -L/glade/u/apps/ch/opt/mpt/2.19/opt/hpe/hpc/mpt/mpt-2.19/lib -lnetcdf

==> try again with added '-lnetcdff -lnetcdf'
cat genmake_tnc.F |  /lib/cpp  -traditional -P -DALLOW_USE_MPI -DALWAYS_USE_MPI -DWORDLENGTH=4 -DALLOW_USE_MPI -DALWAYS_USE_MPI -DHAVE_SYSTEM -DHAVE_FDATE -DHAVE_ETIME -DHAVE_CLOC -DHAVE_SETRLSTK -DHAVE_SIGREG -DHAVE_STAT -I/glade/u/apps/ch/opt/mpt/2.19/opt/hpe/hpc/mpt/mpt-2.19/include > genmake_tnc.f \ 
 &&  mpif90  -fPIC -convert big_endian -assume byterecl -align -march=corei7 -axAVX -mcmodel=large -shared-intel -DNMLTERMINATOR -O2 -ip -fp-model precise -traceback -ftz -c genmake_tnc.f \ 
 &&  mpif90  -fPIC -convert big_endian -assume byterecl -align -march=corei7 -axAVX -mcmodel=large -shared-intel -DNMLTERMINATOR -O2 -ip -fp-model precise -traceback -ftz -o genmake_tnc genmake_tnc.o -L/glade/u/apps/ch/opt/mpt/2.19/opt/hpe/hpc/mpt/mpt-2.19/lib -lnetcdf
 --> set HAVE_NETCDF=''
